
PROG11	Fri May 16 17:41:33 2025
	Shutting down the server with 1 active connection(s) to 1 database(s), 0 active service(s)


PROG11	Fri May 16 17:42:47 2025
	Shutting down the server with 1 active connection(s) to 1 database(s), 0 active service(s)


PROG11	Fri May 16 17:44:20 2025
	Shutting down the server with 1 active connection(s) to 1 database(s), 0 active service(s)


PROG11	Fri May 16 17:50:11 2025
	Shutting down the server with 1 active connection(s) to 1 database(s), 0 active service(s)


PROG11	Fri May 16 17:50:50 2025
	Shutting down the server with 1 active connection(s) to 1 database(s), 0 active service(s)


PROG11	Fri May 16 18:04:46 2025
	Shutting down the server with 1 active connection(s) to 1 database(s), 0 active service(s)


PROG11	Fri May 16 18:06:17 2025
	Shutting down the server with 1 active connection(s) to 1 database(s), 0 active service(s)


PROG11	Mon May 19 12:47:39 2025
	Shutting down the server with 1 active connection(s) to 1 database(s), 0 active service(s)


PROG11	Mon May 19 13:20:44 2025
	Shutting down the server with 1 active connection(s) to 1 database(s), 0 active service(s)


PROG11	Mon May 19 13:21:45 2025
	Shutting down the server with 1 active connection(s) to 1 database(s), 0 active service(s)


PROG11	Mon May 19 13:28:59 2025
	Shutting down the server with 1 active connection(s) to 1 database(s), 0 active service(s)


PROG11	Mon May 19 13:54:32 2025
	Shutting down the server with 1 active connection(s) to 1 database(s), 0 active service(s)


PROG11	Mon May 19 13:56:44 2025
	Shutting down the server with 1 active connection(s) to 1 database(s), 0 active service(s)


PROG11	Mon May 19 14:13:03 2025
	Shutting down the server with 1 active connection(s) to 1 database(s), 0 active service(s)


PROG11	Mon May 19 14:25:05 2025
	Shutting down the server with 1 active connection(s) to 1 database(s), 0 active service(s)


PROG11	Mon May 19 14:31:25 2025
	Shutting down the server with 1 active connection(s) to 1 database(s), 0 active service(s)


PROG11	Mon May 19 15:09:01 2025
	Shutting down the server with 1 active connection(s) to 1 database(s), 0 active service(s)


PROG11	Mon May 19 15:17:07 2025
	Shutting down the server with 1 active connection(s) to 1 database(s), 0 active service(s)


PROG11	Mon May 19 15:31:36 2025
	Shutting down the server with 1 active connection(s) to 1 database(s), 0 active service(s)


PROG11	Mon May 19 16:02:09 2025
	Shutting down the server with 1 active connection(s) to 1 database(s), 0 active service(s)


PROG11	Mon May 19 16:44:55 2025
	Shutting down the server with 1 active connection(s) to 1 database(s), 0 active service(s)


PROG11	Mon May 19 16:48:37 2025
	Shutting down the server with 1 active connection(s) to 1 database(s), 0 active service(s)


PROG11	Mon May 19 17:11:23 2025
	Shutting down the server with 1 active connection(s) to 1 database(s), 0 active service(s)


PROG11	Mon May 19 17:12:58 2025
	Shutting down the server with 1 active connection(s) to 1 database(s), 0 active service(s)


PROG11	Mon May 19 17:23:23 2025
	Shutting down the server with 1 active connection(s) to 1 database(s), 0 active service(s)


PROG11	Mon May 19 17:28:01 2025
	Shutting down the server with 1 active connection(s) to 1 database(s), 0 active service(s)


PROG11	Mon May 19 17:29:46 2025
	Shutting down the server with 1 active connection(s) to 1 database(s), 0 active service(s)


PROG11	Mon May 19 17:33:09 2025
	Shutting down the server with 1 active connection(s) to 1 database(s), 0 active service(s)


PROG11	Mon May 19 17:54:04 2025
	Shutting down the server with 1 active connection(s) to 1 database(s), 0 active service(s)


PROG11	Tue May 20 12:47:11 2025
	Shutting down the server with 1 active connection(s) to 1 database(s), 0 active service(s)


PROG11	Tue May 20 12:50:58 2025
	Shutting down the server with 1 active connection(s) to 1 database(s), 0 active service(s)


PROG11	Tue May 20 12:57:47 2025
	Shutting down the server with 1 active connection(s) to 1 database(s), 0 active service(s)


PROG11	Tue May 20 12:58:30 2025
	Shutting down the server with 1 active connection(s) to 1 database(s), 0 active service(s)


PROG11	Tue May 20 16:47:11 2025
	Shutting down the server with 1 active connection(s) to 1 database(s), 0 active service(s)


PROG11	Tue May 20 17:06:17 2025
	Shutting down the server with 1 active connection(s) to 1 database(s), 0 active service(s)


PROG11	Wed May 21 13:17:27 2025
	Shutting down the server with 1 active connection(s) to 1 database(s), 0 active service(s)


PROG11	Wed May 21 13:19:47 2025
	Shutting down the server with 1 active connection(s) to 1 database(s), 0 active service(s)


PROG11	Wed May 21 13:33:54 2025
	Shutting down the server with 1 active connection(s) to 1 database(s), 0 active service(s)


PROG11	Wed May 21 15:26:28 2025
	Shutting down the server with 1 active connection(s) to 1 database(s), 0 active service(s)


PROG11	Wed May 21 16:02:26 2025
	Shutting down the server with 1 active connection(s) to 1 database(s), 0 active service(s)


PROG11	Wed May 21 16:26:01 2025
	Shutting down the server with 1 active connection(s) to 1 database(s), 0 active service(s)


PROG11	Wed May 21 16:27:23 2025
	Shutting down the server with 1 active connection(s) to 1 database(s), 0 active service(s)


PROG11	Wed May 21 16:28:17 2025
	Shutting down the server with 1 active connection(s) to 1 database(s), 0 active service(s)


PROG11	Wed May 21 16:30:28 2025
	Shutting down the server with 1 active connection(s) to 1 database(s), 0 active service(s)


PROG11	Thu May 22 15:35:30 2025
	Shutting down the server with 1 active connection(s) to 1 database(s), 0 active service(s)


PROG11	Mon May 26 14:59:44 2025
	Shutting down the server with 1 active connection(s) to 1 database(s), 0 active service(s)


PROG11	Mon May 26 15:02:39 2025
	Shutting down the server with 1 active connection(s) to 1 database(s), 0 active service(s)


PROG11	Mon May 26 15:03:21 2025
	Shutting down the server with 1 active connection(s) to 1 database(s), 0 active service(s)


PROG11	Mon May 26 15:29:17 2025
	Shutting down the server with 1 active connection(s) to 1 database(s), 0 active service(s)


PROG11	Mon May 26 16:03:29 2025
	Shutting down the server with 1 active connection(s) to 1 database(s), 0 active service(s)


PROG11	Mon May 26 16:04:50 2025
	Shutting down the server with 1 active connection(s) to 1 database(s), 0 active service(s)


PROG11	Mon May 26 16:06:20 2025
	Shutting down the server with 1 active connection(s) to 1 database(s), 0 active service(s)


PROG11	Mon May 26 16:12:15 2025
	Shutting down the server with 1 active connection(s) to 1 database(s), 0 active service(s)


PROG11	Mon May 26 16:14:19 2025
	Shutting down the server with 1 active connection(s) to 1 database(s), 0 active service(s)


PROG11	Mon May 26 16:16:21 2025
	Shutting down the server with 1 active connection(s) to 1 database(s), 0 active service(s)


PROG11	Mon May 26 16:17:54 2025
	Shutting down the server with 1 active connection(s) to 1 database(s), 0 active service(s)


PROG11	Mon May 26 16:20:02 2025
	Shutting down the server with 1 active connection(s) to 1 database(s), 0 active service(s)


PROG11	Mon May 26 16:20:44 2025
	Shutting down the server with 1 active connection(s) to 1 database(s), 0 active service(s)


PROG11	Mon May 26 16:23:31 2025
	Shutting down the server with 1 active connection(s) to 1 database(s), 0 active service(s)


PROG11	Mon May 26 16:27:04 2025
	Shutting down the server with 1 active connection(s) to 1 database(s), 0 active service(s)


PROG11	Mon May 26 16:32:19 2025
	Shutting down the server with 1 active connection(s) to 1 database(s), 0 active service(s)


PROG11	Mon May 26 16:36:10 2025
	Shutting down the server with 1 active connection(s) to 1 database(s), 0 active service(s)


PROG11	Mon May 26 16:38:53 2025
	Shutting down the server with 1 active connection(s) to 1 database(s), 0 active service(s)


PROG11	Mon May 26 16:41:45 2025
	Shutting down the server with 1 active connection(s) to 1 database(s), 0 active service(s)


PROG11	Mon May 26 16:41:59 2025
	Shutting down the server with 1 active connection(s) to 1 database(s), 0 active service(s)


PROG11	Mon May 26 16:43:41 2025
	Shutting down the server with 1 active connection(s) to 1 database(s), 0 active service(s)


PROG11	Mon May 26 16:46:10 2025
	Shutting down the server with 1 active connection(s) to 1 database(s), 0 active service(s)


PROG11	Mon May 26 16:52:20 2025
	Shutting down the server with 1 active connection(s) to 1 database(s), 0 active service(s)


PROG11	Mon May 26 16:59:26 2025
	Shutting down the server with 1 active connection(s) to 1 database(s), 0 active service(s)


PROG11	Mon May 26 16:59:51 2025
	Shutting down the server with 1 active connection(s) to 1 database(s), 0 active service(s)


PROG11	Mon May 26 17:05:23 2025
	Shutting down the server with 1 active connection(s) to 1 database(s), 0 active service(s)


PROG11	Mon May 26 17:05:35 2025
	Shutting down the server with 1 active connection(s) to 1 database(s), 0 active service(s)


PROG11	Mon May 26 17:06:56 2025
	Shutting down the server with 1 active connection(s) to 1 database(s), 0 active service(s)


PROG11	Mon May 26 17:07:20 2025
	Shutting down the server with 1 active connection(s) to 1 database(s), 0 active service(s)


PROG11	Mon May 26 17:08:15 2025
	Shutting down the server with 1 active connection(s) to 1 database(s), 0 active service(s)


PROG11	Mon May 26 17:09:39 2025
	Shutting down the server with 1 active connection(s) to 1 database(s), 0 active service(s)


PROG11	Mon May 26 17:13:13 2025
	Shutting down the server with 1 active connection(s) to 1 database(s), 0 active service(s)


PROG11	Mon May 26 17:15:40 2025
	Shutting down the server with 1 active connection(s) to 1 database(s), 0 active service(s)


PROG11	Mon May 26 17:16:17 2025
	Shutting down the server with 1 active connection(s) to 1 database(s), 0 active service(s)


PROG11	Mon May 26 17:17:20 2025
	Shutting down the server with 1 active connection(s) to 1 database(s), 0 active service(s)


PROG11	Mon May 26 17:20:38 2025
	Shutting down the server with 1 active connection(s) to 1 database(s), 0 active service(s)


PROG11	Mon May 26 17:28:26 2025
	Shutting down the server with 1 active connection(s) to 1 database(s), 0 active service(s)


PROG11	Mon Jun 09 14:04:16 2025
	Shutting down the server with 1 active connection(s) to 1 database(s), 0 active service(s)


PROG11	Mon Jun 09 14:05:17 2025
	Shutting down the server with 1 active connection(s) to 1 database(s), 0 active service(s)


PROG11	Mon Jun 09 14:08:42 2025
	Shutting down the server with 1 active connection(s) to 1 database(s), 0 active service(s)


PROG11	Mon Jun 09 14:11:22 2025
	Shutting down the server with 1 active connection(s) to 1 database(s), 0 active service(s)


PROG11	Mon Jun 09 14:11:35 2025
	Shutting down the server with 1 active connection(s) to 1 database(s), 0 active service(s)


PROG11	Mon Jun 09 14:13:45 2025
	Shutting down the server with 1 active connection(s) to 1 database(s), 0 active service(s)


PROG11	Mon Jun 09 14:14:09 2025
	Shutting down the server with 1 active connection(s) to 1 database(s), 0 active service(s)


PROG11	Mon Jun 09 14:14:22 2025
	Shutting down the server with 1 active connection(s) to 1 database(s), 0 active service(s)


PROG11	Mon Jun 09 14:16:02 2025
	Shutting down the server with 1 active connection(s) to 1 database(s), 0 active service(s)


PROG11	Mon Jun 09 14:16:13 2025
	Shutting down the server with 1 active connection(s) to 1 database(s), 0 active service(s)


PROG11	Mon Jun 09 14:18:52 2025
	Shutting down the server with 1 active connection(s) to 1 database(s), 0 active service(s)


PROG11	Mon Jun 09 14:19:01 2025
	Shutting down the server with 1 active connection(s) to 1 database(s), 0 active service(s)


PROG11	Mon Jun 09 14:34:51 2025
	Shutting down the server with 1 active connection(s) to 1 database(s), 0 active service(s)


PROG11	Mon Jun 09 14:37:59 2025
	Shutting down the server with 1 active connection(s) to 1 database(s), 0 active service(s)


PROG11	Mon Jun 09 14:39:01 2025
	Shutting down the server with 1 active connection(s) to 1 database(s), 0 active service(s)


PROG11	Mon Jun 09 14:39:59 2025
	Shutting down the server with 1 active connection(s) to 1 database(s), 0 active service(s)


PROG11	Mon Jun 09 14:40:09 2025
	Shutting down the server with 1 active connection(s) to 1 database(s), 0 active service(s)


PROG11	Mon Jun 09 14:44:35 2025
	Shutting down the server with 1 active connection(s) to 1 database(s), 0 active service(s)


PROG11	Mon Jun 09 14:45:47 2025
	Shutting down the server with 1 active connection(s) to 1 database(s), 0 active service(s)


PROG11	Mon Jun 09 14:46:47 2025
	Shutting down the server with 1 active connection(s) to 1 database(s), 0 active service(s)


PROG11	Mon Jun 09 14:48:44 2025
	Shutting down the server with 1 active connection(s) to 1 database(s), 0 active service(s)


PROG11	Mon Jun 09 14:55:44 2025
	Shutting down the server with 1 active connection(s) to 1 database(s), 0 active service(s)


PROG11	Mon Jun 09 14:55:54 2025
	Shutting down the server with 1 active connection(s) to 1 database(s), 0 active service(s)


PROG11	Mon Jun 09 14:56:10 2025
	Shutting down the server with 1 active connection(s) to 1 database(s), 0 active service(s)


PROG11	Mon Jun 09 14:58:11 2025
	Shutting down the server with 1 active connection(s) to 1 database(s), 0 active service(s)


PROG11	Mon Jun 09 14:58:27 2025
	Shutting down the server with 1 active connection(s) to 1 database(s), 0 active service(s)


PROG11	Mon Jun 09 15:00:08 2025
	Shutting down the server with 1 active connection(s) to 1 database(s), 0 active service(s)


PROG11	Mon Jun 09 15:00:27 2025
	Shutting down the server with 1 active connection(s) to 1 database(s), 0 active service(s)


PROG11	Mon Jun 09 15:01:16 2025
	Shutting down the server with 1 active connection(s) to 1 database(s), 0 active service(s)


PROG11	Mon Jun 09 15:06:09 2025
	Shutting down the server with 1 active connection(s) to 1 database(s), 0 active service(s)


PROG11	Mon Jun 09 15:06:28 2025
	Shutting down the server with 1 active connection(s) to 1 database(s), 0 active service(s)


PROG11	Mon Jun 09 15:10:38 2025
	Shutting down the server with 1 active connection(s) to 1 database(s), 0 active service(s)


PROG11	Mon Jun 09 15:10:57 2025
	Shutting down the server with 1 active connection(s) to 1 database(s), 0 active service(s)


PROG11	Mon Jun 09 15:11:26 2025
	Shutting down the server with 1 active connection(s) to 1 database(s), 0 active service(s)


PROG11	Mon Jun 09 15:13:19 2025
	Shutting down the server with 1 active connection(s) to 1 database(s), 0 active service(s)


PROG11	Mon Jun 09 15:13:37 2025
	Shutting down the server with 1 active connection(s) to 1 database(s), 0 active service(s)


PROG11	Mon Jun 09 15:14:00 2025
	Shutting down the server with 1 active connection(s) to 1 database(s), 0 active service(s)


PROG11	Mon Jun 09 15:29:10 2025
	Shutting down the server with 1 active connection(s) to 1 database(s), 0 active service(s)


PROG11	Mon Jun 09 15:30:31 2025
	Shutting down the server with 1 active connection(s) to 1 database(s), 0 active service(s)


PROG11	Mon Jun 09 15:32:38 2025
	Shutting down the server with 1 active connection(s) to 1 database(s), 0 active service(s)


PROG11	Mon Jun 09 15:54:33 2025
	Shutting down the server with 1 active connection(s) to 1 database(s), 0 active service(s)


PROG11	Mon Jun 09 15:54:44 2025
	Shutting down the server with 1 active connection(s) to 1 database(s), 0 active service(s)


PROG11	Mon Jun 09 15:55:01 2025
	Shutting down the server with 1 active connection(s) to 1 database(s), 0 active service(s)


PROG11	Mon Jun 09 16:09:56 2025
	Shutting down the server with 1 active connection(s) to 1 database(s), 0 active service(s)


PROG11	Mon Jun 09 16:12:25 2025
	Shutting down the server with 1 active connection(s) to 1 database(s), 0 active service(s)


PROG11	Mon Jun 09 16:12:35 2025
	Shutting down the server with 1 active connection(s) to 1 database(s), 0 active service(s)


PROG11	Mon Jun 09 16:23:56 2025
	Shutting down the server with 1 active connection(s) to 1 database(s), 0 active service(s)


PROG11	Mon Jun 09 16:24:25 2025
	Shutting down the server with 1 active connection(s) to 1 database(s), 0 active service(s)


PROG11	Mon Jun 09 16:25:00 2025
	Shutting down the server with 1 active connection(s) to 1 database(s), 0 active service(s)


PROG11	Mon Jun 09 16:26:40 2025
	Shutting down the server with 1 active connection(s) to 1 database(s), 0 active service(s)


PROG11	Mon Jun 09 16:26:49 2025
	Shutting down the server with 1 active connection(s) to 1 database(s), 0 active service(s)


PROG11	Mon Jun 09 16:27:07 2025
	Shutting down the server with 1 active connection(s) to 1 database(s), 0 active service(s)


PROG11	Mon Jun 09 16:29:10 2025
	Shutting down the server with 1 active connection(s) to 1 database(s), 0 active service(s)


PROG11	Mon Jun 09 16:31:14 2025
	Shutting down the server with 1 active connection(s) to 1 database(s), 0 active service(s)


PROG11	Mon Jun 09 16:38:44 2025
	Shutting down the server with 1 active connection(s) to 1 database(s), 0 active service(s)


PROG11	Mon Jun 09 16:42:35 2025
	Shutting down the server with 1 active connection(s) to 1 database(s), 0 active service(s)


PROG11	Mon Jun 09 17:09:09 2025
	Shutting down the server with 1 active connection(s) to 1 database(s), 0 active service(s)


PROG11	Mon Jun 09 17:10:31 2025
	Shutting down the server with 1 active connection(s) to 1 database(s), 0 active service(s)


PROG11	Mon Jun 09 17:24:02 2025
	Shutting down the server with 1 active connection(s) to 1 database(s), 0 active service(s)


PROG11	Mon Jun 09 17:25:11 2025
	Shutting down the server with 1 active connection(s) to 1 database(s), 0 active service(s)


PROG11	Mon Jun 09 17:27:50 2025
	Shutting down the server with 1 active connection(s) to 1 database(s), 0 active service(s)


PROG11	Mon Jun 09 17:28:14 2025
	Shutting down the server with 1 active connection(s) to 1 database(s), 0 active service(s)


PROG11	Mon Jun 09 17:30:26 2025
	Shutting down the server with 1 active connection(s) to 1 database(s), 0 active service(s)


PROG11	Mon Jun 09 17:30:41 2025
	Shutting down the server with 1 active connection(s) to 1 database(s), 0 active service(s)


PROG11	Mon Jun 09 17:34:13 2025
	Shutting down the server with 1 active connection(s) to 1 database(s), 0 active service(s)


PROG11	Mon Jun 09 17:34:47 2025
	Shutting down the server with 1 active connection(s) to 1 database(s), 0 active service(s)


PROG11	Mon Jun 09 17:35:36 2025
	Shutting down the server with 1 active connection(s) to 1 database(s), 0 active service(s)


PROG11	Mon Jun 09 17:39:16 2025
	Shutting down the server with 1 active connection(s) to 1 database(s), 0 active service(s)


PROG11	Mon Jun 09 17:39:41 2025
	Shutting down the server with 1 active connection(s) to 1 database(s), 0 active service(s)


PROG11	Mon Jun 09 17:43:08 2025
	Shutting down the server with 1 active connection(s) to 1 database(s), 0 active service(s)


PROG11	Mon Jun 09 17:46:13 2025
	Shutting down the server with 1 active connection(s) to 1 database(s), 0 active service(s)


PROG11	Mon Jun 09 17:46:49 2025
	Shutting down the server with 1 active connection(s) to 1 database(s), 0 active service(s)


PROG11	Mon Jun 09 17:54:47 2025
	Shutting down the server with 1 active connection(s) to 1 database(s), 0 active service(s)


PROG11	Mon Jun 09 17:55:09 2025
	Shutting down the server with 1 active connection(s) to 1 database(s), 0 active service(s)


PROG11	Mon Jun 09 17:55:17 2025
	Shutting down the server with 1 active connection(s) to 1 database(s), 0 active service(s)


PROG11	Mon Jun 09 17:55:40 2025
	Shutting down the server with 1 active connection(s) to 1 database(s), 0 active service(s)


PROG11	Mon Jun 09 17:55:48 2025
	Shutting down the server with 1 active connection(s) to 1 database(s), 0 active service(s)


PROG11	Mon Jun 09 17:56:10 2025
	Shutting down the server with 1 active connection(s) to 1 database(s), 0 active service(s)

